#
# There is insufficient memory for the Java Runtime Environment to continue.
# Native memory allocation (mmap) failed to map 190840832 bytes. Error detail: G1 virtual space
# Possible reasons:
#   The system is out of physical RAM or swap space
#   This process is running with CompressedOops enabled, and the Java Heap may be blocking the growth of the native heap
# Possible solutions:
#   Reduce memory load on the system
#   Increase physical memory or swap space
#   Check if swap backing store is full
#   Decrease Java heap size (-Xmx/-Xms)
#   Decrease number of Java threads
#   Decrease Java thread stack sizes (-Xss)
#   Set larger code cache with -XX:ReservedCodeCacheSize=
#   JVM is running with Zero Based Compressed Oops mode in which the Java heap is
#     placed in the first 32GB address space. The Java Heap base address is the
#     maximum limit for the native heap growth. Please use -XX:HeapBaseMinAddress
#     to set the Java Heap base and to place the Java Heap above 32GB virtual address.
# This output file may be truncated or incomplete.
#
#  Out of Memory Error (os_windows.cpp:3713), pid=3936, tid=18068
#
# JRE version:  (21.0.8+9) (build )
# Java VM: OpenJDK 64-Bit Server VM (21.0.8+9-LTS, mixed mode, sharing, tiered, compressed oops, compressed class ptrs, g1 gc, windows-amd64)
# No core dump will be written. Minidumps are not enabled by default on client versions of Windows
#

---------------  S U M M A R Y ------------

Command Line: --enable-native-access=ALL-UNNAMED 

Host: AMD Ryzen 5 5625U with Radeon Graphics         , 12 cores, 11G,  Windows 11 , 64 bit Build 26100 (10.0.26100.6725)
Time: Wed Oct 29 09:04:30 2025 SE Asia Standard Time elapsed time: 1.271849 seconds (0d 0h 0m 1s)

---------------  T H R E A D  ---------------

Current thread (0x0000021cf54766e0):  JavaThread "Unknown thread" [_thread_in_vm, id=18068, stack(0x000000f7f6900000,0x000000f7f6a00000) (1024K)]

Stack: [0x000000f7f6900000,0x000000f7f6a00000]
Native frames: (J=compiled Java code, j=interpreted, Vv=VM code, C=native code)
V  [jvm.dll+0x6d2449]
V  [jvm.dll+0x8ae341]
V  [jvm.dll+0x8b08be]
V  [jvm.dll+0x8b0fa3]
V  [jvm.dll+0x280c96]
V  [jvm.dll+0x6cec15]
V  [jvm.dll+0x6c2c3a]
V  [jvm.dll+0x35867a]
V  [jvm.dll+0x360246]
V  [jvm.dll+0x3b1f9e]
V  [jvm.dll+0x3b2248]
V  [jvm.dll+0x32c8fc]
V  [jvm.dll+0x32d45b]
V  [jvm.dll+0x8775d9]
V  [jvm.dll+0x3bed71]
V  [jvm.dll+0x8605d3]
V  [jvm.dll+0x4530ee]
V  [jvm.dll+0x454d31]
C  [jli.dll+0x5278]
C  [ucrtbase.dll+0x37b0]
C  [KERNEL32.DLL+0x2e8d7]
C  [ntdll.dll+0x8c53c]


---------------  P R O C E S S  ---------------

Threads class SMR info:
_java_thread_list=0x00007ffed1ca11c8, length=0, elements={
}

Java Threads: ( => current thread )
Total: 0

Other Threads:
  0x0000021cf789ba00 WorkerThread "GC Thread#0"                     [id=9124, stack(0x000000f7f6a00000,0x000000f7f6b00000) (1024K)]
  0x0000021cf78a7f70 ConcurrentGCThread "G1 Main Marker"            [id=15200, stack(0x000000f7f6b00000,0x000000f7f6c00000) (1024K)]
  0x0000021cf78aaf40 WorkerThread "G1 Conc#0"                       [id=12720, stack(0x000000f7f6c00000,0x000000f7f6d00000) (1024K)]

[error occurred during error reporting (printing all threads), id 0xc0000005, EXCEPTION_ACCESS_VIOLATION (0xc0000005) at pc=0x00007ffed139f137]
VM state: not at safepoint (not fully initialized)

VM Mutex/Monitor currently owned by a thread:  ([mutex/lock_event])
[0x00007ffed1d15558] Heap_lock - owner thread: 0x0000021cf54766e0

Heap address: 0x000000074a600000, size: 2906 MB, Compressed Oops mode: Zero based, Oop shift amount: 3

CDS archive(s) mapped at: [0x0000000000000000-0x0000000000000000-0x0000000000000000), size 0, SharedBaseAddress: 0x0000000800000000, ArchiveRelocationMode: 1.
Narrow klass base: 0x0000000000000000, Narrow klass shift: 0, Narrow klass range: 0x0

GC Precious Log:
 CardTable entry size: 512
 Card Set container configuration: InlinePtr #cards 4 size 8 Array Of Cards #cards 16 size 48 Howl #buckets 8 coarsen threshold 3686 Howl Bitmap #cards 512 size 80 coarsen threshold 460 Card regions per heap region 1 cards per card region 4096

Heap:
 garbage-first heap   total 0K, used 0K [0x000000074a600000, 0x0000000800000000)
  region size 2048K, 0 young (0K), 0 survivors (0K)

[error occurred during error reporting (printing heap information), id 0xc0000005, EXCEPTION_ACCESS_VIOLATION (0xc0000005) at pc=0x00007ffed178bba9]
GC Heap History (0 events):
No events

Dll operation events (1 events):
Event: 0.011 Loaded shared library C:\Program Files\Eclipse Adoptium\jdk-21.0.8.9-hotspot\bin\java.dll

Deoptimization events (0 events):
No events

Classes loaded (0 events):
No events

Classes unloaded (0 events):
No events

Classes redefined (0 events):
No events

Internal exceptions (0 events):
No events

ZGC Phase Switch (0 events):
No events

VM Operations (0 events):
No events

Memory protections (0 events):
No events

Nmethod flushes (0 events):
No events

Events (0 events):
No events


Dynamic libraries:
0x00007ff670cf0000 - 0x00007ff670cfe000 	C:\Program Files\Eclipse Adoptium\jdk-21.0.8.9-hotspot\bin\java.exe
0x00007fffb22a0000 - 0x00007fffb2508000 	C:\WINDOWS\SYSTEM32\ntdll.dll
0x00007fffb0070000 - 0x00007fffb0139000 	C:\WINDOWS\System32\KERNEL32.DLL
0x00007fffaf6b0000 - 0x00007fffafaa2000 	C:\WINDOWS\System32\KERNELBASE.dll
0x00007fffafab0000 - 0x00007fffafbfb000 	C:\WINDOWS\System32\ucrtbase.dll
0x00007fff81350000 - 0x00007fff81368000 	C:\Program Files\Eclipse Adoptium\jdk-21.0.8.9-hotspot\bin\jli.dll
0x00007fff81370000 - 0x00007fff8138e000 	C:\Program Files\Eclipse Adoptium\jdk-21.0.8.9-hotspot\bin\VCRUNTIME140.dll
0x00007fffb1310000 - 0x00007fffb14d5000 	C:\WINDOWS\System32\USER32.dll
0x00007fff93300000 - 0x00007fff93593000 	C:\WINDOWS\WinSxS\amd64_microsoft.windows.common-controls_6595b64144ccf1df_6.0.26100.6899_none_3e0efeeae32e88c1\COMCTL32.dll
0x00007fffb0040000 - 0x00007fffb0067000 	C:\WINDOWS\System32\win32u.dll
0x00007fffb0db0000 - 0x00007fffb0e59000 	C:\WINDOWS\System32\msvcrt.dll
0x00007fffb12e0000 - 0x00007fffb130b000 	C:\WINDOWS\System32\GDI32.dll
0x00007fffaf4e0000 - 0x00007fffaf60d000 	C:\WINDOWS\System32\gdi32full.dll
0x00007fffaf430000 - 0x00007fffaf4d3000 	C:\WINDOWS\System32\msvcp_win.dll
0x00007fffb08a0000 - 0x00007fffb08cf000 	C:\WINDOWS\System32\IMM32.DLL
0x00007fffa4dd0000 - 0x00007fffa4ddc000 	C:\Program Files\Eclipse Adoptium\jdk-21.0.8.9-hotspot\bin\vcruntime140_1.dll
0x00007fff45fa0000 - 0x00007fff4602d000 	C:\Program Files\Eclipse Adoptium\jdk-21.0.8.9-hotspot\bin\msvcp140.dll
0x00007ffed1060000 - 0x00007ffed1df7000 	C:\Program Files\Eclipse Adoptium\jdk-21.0.8.9-hotspot\bin\server\jvm.dll
0x00007fffb04f0000 - 0x00007fffb05a4000 	C:\WINDOWS\System32\ADVAPI32.dll
0x00007fffb0d00000 - 0x00007fffb0da6000 	C:\WINDOWS\System32\sechost.dll
0x00007fffb0360000 - 0x00007fffb0478000 	C:\WINDOWS\System32\RPCRT4.dll
0x00007fffb07b0000 - 0x00007fffb0824000 	C:\WINDOWS\System32\WS2_32.dll
0x00007fffaf0f0000 - 0x00007fffaf14e000 	C:\WINDOWS\SYSTEM32\POWRPROF.dll
0x00007fffa81c0000 - 0x00007fffa81f5000 	C:\WINDOWS\SYSTEM32\WINMM.dll
0x00007fffa8200000 - 0x00007fffa820b000 	C:\WINDOWS\SYSTEM32\VERSION.dll
0x00007fffaf0d0000 - 0x00007fffaf0e4000 	C:\WINDOWS\SYSTEM32\UMPDC.dll
0x00007fffae200000 - 0x00007fffae21b000 	C:\WINDOWS\SYSTEM32\kernel.appcore.dll
0x00007fffa14f0000 - 0x00007fffa14fa000 	C:\Program Files\Eclipse Adoptium\jdk-21.0.8.9-hotspot\bin\jimage.dll
0x00007fffac850000 - 0x00007fffaca92000 	C:\WINDOWS\SYSTEM32\DBGHELP.DLL
0x00007fffb0e60000 - 0x00007fffb11db000 	C:\WINDOWS\System32\combase.dll
0x00007fffb0a00000 - 0x00007fffb0ad7000 	C:\WINDOWS\System32\OLEAUT32.dll
0x00007fff96280000 - 0x00007fff962bc000 	C:\WINDOWS\SYSTEM32\dbgcore.DLL
0x00007fffaf610000 - 0x00007fffaf6a8000 	C:\WINDOWS\System32\bcryptPrimitives.dll
0x00007fff81330000 - 0x00007fff8134f000 	C:\Program Files\Eclipse Adoptium\jdk-21.0.8.9-hotspot\bin\java.dll

JVMTI agents: none

dbghelp: loaded successfully - version: 4.0.5 - missing functions: none
symbol engine: initialized successfully - sym options: 0x614 - pdb path: .;C:\Program Files\Eclipse Adoptium\jdk-21.0.8.9-hotspot\bin;C:\WINDOWS\SYSTEM32;C:\WINDOWS\WinSxS\amd64_microsoft.windows.common-controls_6595b64144ccf1df_6.0.26100.6899_none_3e0efeeae32e88c1;C:\Program Files\Eclipse Adoptium\jdk-21.0.8.9-hotspot\bin\server

VM Arguments:
jvm_args: --enable-native-access=ALL-UNNAMED 
java_command: <unknown>
java_class_path (initial): <not set>
Launcher Type: SUN_STANDARD

[Global flags]
     intx CICompilerCount                          = 4                                         {product} {ergonomic}
     uint ConcGCThreads                            = 3                                         {product} {ergonomic}
     uint G1ConcRefinementThreads                  = 10                                        {product} {ergonomic}
   size_t G1HeapRegionSize                         = 2097152                                   {product} {ergonomic}
    uintx GCDrainStackTargetSize                   = 64                                        {product} {ergonomic}
   size_t InitialHeapSize                          = 190840832                                 {product} {ergonomic}
   size_t MarkStackSize                            = 4194304                                   {product} {ergonomic}
   size_t MaxHeapSize                              = 3047161856                                {product} {ergonomic}
   size_t MinHeapDeltaBytes                        = 2097152                                   {product} {ergonomic}
   size_t MinHeapSize                              = 8388608                                   {product} {ergonomic}
    uintx NonNMethodCodeHeapSize                   = 5839372                                {pd product} {ergonomic}
    uintx NonProfiledCodeHeapSize                  = 122909434                              {pd product} {ergonomic}
    uintx ProfiledCodeHeapSize                     = 122909434                              {pd product} {ergonomic}
    uintx ReservedCodeCacheSize                    = 251658240                              {pd product} {ergonomic}
     bool SegmentedCodeCache                       = true                                      {product} {ergonomic}
   size_t SoftMaxHeapSize                          = 3047161856                             {manageable} {ergonomic}
     bool UseCompressedOops                        = true                           {product lp64_product} {ergonomic}
     bool UseG1GC                                  = true                                      {product} {ergonomic}
     bool UseLargePagesIndividualAllocation        = false                                  {pd product} {ergonomic}

Logging:
Log output configuration:
 #0: stdout all=warning uptime,level,tags foldmultilines=false
 #1: stderr all=off uptime,level,tags foldmultilines=false

Environment Variables:
JAVA_HOME=C:\Program Files\Eclipse Adoptium\jdk-21.0.8.9-hotspot\
PATH=C:\Program Files\Eclipse Adoptium\jdk-21.0.8.9-hotspot\bin;C:\oraclexe\app\oracle\product\bin;C:\app\askeladd\product\21c\dbhomeXE\bin;C:\oraclexe\app\oracle\product\10.2.0\server\bin;C:\Oracle21c\WINDOWS.X64_213000_db_home\bin;C:\Program Files (x86)\Common Files\Oracle\Java\javapath;C:\WINDOWS\system32;C:\WINDOWS;C:\WINDOWS\System32\Wbem;C:\WINDOWS\System32\WindowsPowerShell\v1.0\;C:\WINDOWS\System32\OpenSSH\;C:\Program Files\nodejs\;C:\ProgramData\chocolatey\bin;C:\Program Files\PuTTY\;C:\xampp\php;C:\ProgramData\ComposerSetup\bin;C:\Program Files (x86)\Microsoft SQL Server\160\Tools\Binn\;C:\Program Files\Microsoft SQL Server\160\Tools\Binn\;C:\Program Files\Microsoft SQL Server\Client SDK\ODBC\170\Tools\Binn\;C:\Program Files\Microsoft SQL Server\160\DTS\Binn\;C:\Program Files\Git\cmd;C:\Strawberry\c\bin;C:\Strawberry\perl\site\bin;C:\Strawberry\perl\bin;C:\exiftool\;C:\Program Files\apache-maven-3.9.11\bin;C:\Users\rengg\AppData\Local\Programs\Python\Python312\Scripts\;C:\Users\rengg\AppData\Local\Programs\Python\Python312\;C:\Users\rengg\AppData\Local\Microsoft\WindowsApps;;C:\Users\rengg\AppData\Local\Programs\Microsoft VS Code\bin;C:\Users\rengg\AppData\Roaming\npm;C:\Users\rengg\AppData\Roaming\Composer\vendor\bin;C:\Program Files (x86)\Nmap;C:\Users\rengg\AppData\Local\Programs\ExifTool
USERNAME=askeladd
OS=Windows_NT
PROCESSOR_IDENTIFIER=AMD64 Family 25 Model 80 Stepping 0, AuthenticAMD
TMP=C:\Users\rengg\AppData\Local\Temp
TEMP=C:\Users\rengg\AppData\Local\Temp




Periodic native trim disabled

---------------  S Y S T E M  ---------------

OS:
 Windows 11 , 64 bit Build 26100 (10.0.26100.6725)
OS uptime: 1 days 9:58 hours
Hyper-V role detected

CPU: total 12 (initial active 12) (12 cores per cpu, 2 threads per core) family 25 model 80 stepping 0 microcode 0xa50000f, cx8, cmov, fxsr, ht, mmx, 3dnowpref, sse, sse2, sse3, ssse3, sse4a, sse4.1, sse4.2, popcnt, lzcnt, tsc, tscinvbit, avx, avx2, aes, erms, clmul, bmi1, bmi2, adx, sha, fma, vzeroupper, clflush, clflushopt, hv, rdtscp, rdpid, fsrm, f16c, cet_ss
Processor Information for processor 0
  Max Mhz: 2301, Current Mhz: 1798, Mhz Limit: 2301
Processor Information for processor 1
  Max Mhz: 2301, Current Mhz: 1798, Mhz Limit: 2301
Processor Information for processor 2
  Max Mhz: 2301, Current Mhz: 2301, Mhz Limit: 2301
Processor Information for processor 3
  Max Mhz: 2301, Current Mhz: 1798, Mhz Limit: 2301
Processor Information for processor 4
  Max Mhz: 2301, Current Mhz: 1798, Mhz Limit: 2301
Processor Information for processor 5
  Max Mhz: 2301, Current Mhz: 1798, Mhz Limit: 2301
Processor Information for processor 6
  Max Mhz: 2301, Current Mhz: 1798, Mhz Limit: 2301
Processor Information for processor 7
  Max Mhz: 2301, Current Mhz: 1798, Mhz Limit: 2301
Processor Information for processor 8
  Max Mhz: 2301, Current Mhz: 1798, Mhz Limit: 2301
Processor Information for processor 9
  Max Mhz: 2301, Current Mhz: 1798, Mhz Limit: 2301
Processor Information for processor 10
  Max Mhz: 2301, Current Mhz: 1798, Mhz Limit: 2301
Processor Information for processor 11
  Max Mhz: 2301, Current Mhz: 1798, Mhz Limit: 2301

Memory: 4k page, system-wide physical 11616M (1273M free)
TotalPageFile size 14616M (AvailPageFile size 162M)
current process WorkingSet (physical memory assigned to process): 13M, peak: 13M
current process commit charge ("private bytes"): 64M, peak: 246M

vm_info: OpenJDK 64-Bit Server VM (21.0.8+9-LTS) for windows-amd64 JRE (21.0.8+9-LTS), built on 2025-07-15T00:00:00Z by "admin" with MS VC++ 17.7 (VS2022)

END.
